<?xml version="1.0" encoding="UTF-8"?>
<!-- Generated by org.testng.reporters.JUnitXMLReporter -->
<testsuite hostname="ketan-Inspiron-3521" ignored="0" name="EmulatorSamsungMSiteChrome" tests="1" failures="0" timestamp="14 Aug 2018 15:59:17 GMT" time="1.471" errors="0">
  <testcase name="@BeforeTest testMethod" time="1.414" classname="appium.android.parallel.testcases.AndroidAppTest">
    <failure type="java.lang.NullPointerException">
      <![CDATA[java.lang.NullPointerException
at appium.android.parallel.testcases.AndroidAppTest.testMethod(AndroidAppTest.java:33)
at java.util.concurrent.FutureTask.run(FutureTask.java:266)
at java.util.concurrent.ThreadPoolExecutor.runWorker(ThreadPoolExecutor.java:1149)
at java.util.concurrent.ThreadPoolExecutor$Worker.run(ThreadPoolExecutor.java:624)
at java.lang.Thread.run(Thread.java:748)
... Removed 15 stack frames]]>
    </failure>
  </testcase> <!-- @BeforeTest testMethod -->
  <testcase name="searchForAppiumConf" time="0.0" classname="appium.android.parallel.testcases.AndroidAppTest">
    <skipped/>
  </testcase> <!-- searchForAppiumConf -->
</testsuite> <!-- EmulatorSamsungMSiteChrome -->
