<?xml version="1.0" encoding="UTF-8"?>
<testng-results skipped="0" failed="0" ignored="0" total="1" passed="1">
  <reporter-output>
  </reporter-output>
  <suite name="Default suite" duration-ms="88117" started-at="2018-09-19T09:52:06Z" finished-at="2018-09-19T09:53:34Z">
    <groups>
    </groups>
    <test name="Default test" duration-ms="88117" started-at="2018-09-19T09:52:06Z" finished-at="2018-09-19T09:53:34Z">
      <class name="appium.android.parallel.testcases.AndroidAppTest">
        <test-method status="PASS" signature="setUp()[pri:0, instance:appium.android.parallel.testcases.AndroidAppTest@51c8530f]" name="setUp" is-config="true" duration-ms="61173" started-at="2018-09-19T09:52:06Z" finished-at="2018-09-19T09:53:07Z">
          <reporter-output>
          </reporter-output>
        </test-method> <!-- setUp -->
        <test-method status="PASS" signature="testApp()[pri:0, instance:appium.android.parallel.testcases.AndroidAppTest@51c8530f]" name="testApp" duration-ms="25" started-at="2018-09-19T09:53:07Z" finished-at="2018-09-19T09:53:07Z">
          <reporter-output>
          </reporter-output>
        </test-method> <!-- testApp -->
        <test-method status="PASS" signature="tearDown()[pri:0, instance:appium.android.parallel.testcases.AndroidAppTest@51c8530f]" name="tearDown" is-config="true" duration-ms="26866" started-at="2018-09-19T09:53:07Z" finished-at="2018-09-19T09:53:34Z">
          <reporter-output>
          </reporter-output>
        </test-method> <!-- tearDown -->
      </class> <!-- appium.android.parallel.testcases.AndroidAppTest -->
    </test> <!-- Default test -->
  </suite> <!-- Default suite -->
</testng-results>
